<?xml version="1.0" encoding="UTF-8"?>
<testsuite xmlns:xsi="http://www.w3.org/2001/XMLSchema-instance" xsi:noNamespaceSchemaLocation="https://maven.apache.org/surefire/maven-surefire-plugin/xsd/surefire-test-report-3.0.xsd" version="3.0" name="jdbc.JDBCModelTest" time="0.841" tests="6" errors="0" skipped="0" failures="0">
  <properties>
[...]
</properties>
  <testcase name="testGetAllGlucoseNumbersAndAddGlucoseValue" classname="jdbc.JDBCModelTest" time="0.688"/>
  <testcase name="testClose" classname="jdbc.JDBCModelTest" time="0.025"/>
  <testcase name="testLoginWithMethod" classname="jdbc.JDBCModelTest" time="0.027"/>
  <testcase name="testGetEntryTypes" classname="jdbc.JDBCModelTest" time="0.021"/>
  <testcase name="testIsConnected" classname="jdbc.JDBCModelTest" time="0.033"/>
  <testcase name="testGetColumnNames" classname="jdbc.JDBCModelTest" time="0.016"/>
</testsuite>